# JRE version: Java(TM) SE Runtime Environment 18.9 (11.0.8+10) (build 11.0.8+10-LTS)
# Java VM: Java HotSpot(TM) 64-Bit Server VM 18.9 (11.0.8+10-LTS, mixed mode, tiered, compressed oops, g1 gc, windows-amd64)
Heap:
 garbage-first heap   total 524288K, used 84745K [0x0000000080000000, 0x0000000100000000)
  region size 1024K, 53 young (54272K), 15 survivors (15360K)
 Metaspace       used 50316K, capacity 51643K, committed 51888K, reserved 1093632K
  class space    used 6369K, capacity 6794K, committed 6912K, reserved 1048576K
GC Heap History (10 events):
Event: 1.068 GC heap before
{Heap before GC invocations=0 (full 0):
 garbage-first heap   total 524288K, used 30720K [0x0000000080000000, 0x0000000100000000)
  region size 1024K, 25 young (25600K), 0 survivors (0K)
 Metaspace       used 10747K, capacity 10943K, committed 11264K, reserved 1058816K
  class space    used 1135K, capacity 1201K, committed 1280K, reserved 1048576K
}
Event: 1.074 GC heap after
{Heap after GC invocations=1 (full 0):
 garbage-first heap   total 524288K, used 8707K [0x0000000080000000, 0x0000000100000000)
  region size 1024K, 4 young (4096K), 4 survivors (4096K)
 Metaspace       used 10747K, capacity 10943K, committed 11264K, reserved 1058816K
  class space    used 1135K, capacity 1201K, committed 1280K, reserved 1048576K
}
Event: 2.265 GC heap before
{Heap before GC invocations=1 (full 0):
 garbage-first heap   total 524288K, used 90627K [0x0000000080000000, 0x0000000100000000)
  region size 1024K, 86 young (88064K), 4 survivors (4096K)
 Metaspace       used 20748K, capacity 21209K, committed 21296K, reserved 1069056K
  class space    used 2496K, capacity 2667K, committed 2688K, reserved 1048576K
}
Event: 2.269 GC heap after
{Heap after GC invocations=2 (full 0):
 garbage-first heap   total 524288K, used 15935K [0x0000000080000000, 0x0000000100000000)
  region size 1024K, 12 young (12288K), 12 survivors (12288K)
 Metaspace       used 20748K, capacity 21209K, committed 21296K, reserved 1069056K
  class space    used 2496K, capacity 2667K, committed 2688K, reserved 1048576K
}
Event: 2.743 GC heap before
{Heap before GC invocations=3 (full 0):
 garbage-first heap   total 524288K, used 78399K [0x0000000080000000, 0x0000000100000000)
  region size 1024K, 65 young (66560K), 12 survivors (12288K)
 Metaspace       used 27221K, capacity 27851K, committed 28080K, reserved 1073152K
  class space    used 3505K, capacity 3726K, committed 3840K, reserved 1048576K
}
Event: 2.747 GC heap after
{Heap after GC invocations=4 (full 0):
 garbage-first heap   total 524288K, used 29071K [0x0000000080000000, 0x0000000100000000)
  region size 1024K, 5 young (5120K), 5 survivors (5120K)
 Metaspace       used 27221K, capacity 27851K, committed 28080K, reserved 1073152K
  class space    used 3505K, capacity 3726K, committed 3840K, reserved 1048576K
}
Event: 3.148 GC heap before
{Heap before GC invocations=4 (full 0):
 garbage-first heap   total 524288K, used 70031K [0x0000000080000000, 0x0000000100000000)
  region size 1024K, 43 young (44032K), 5 survivors (5120K)
 Metaspace       used 35077K, capacity 35765K, committed 35888K, reserved 1081344K
  class space    used 4397K, capacity 4657K, committed 4736K, reserved 1048576K
}
Event: 3.151 GC heap after
{Heap after GC invocations=5 (full 0):
 garbage-first heap   total 524288K, used 31822K [0x0000000080000000, 0x0000000100000000)
  region size 1024K, 7 young (7168K), 7 survivors (7168K)
 Metaspace       used 35077K, capacity 35765K, committed 35888K, reserved 1081344K
  class space    used 4397K, capacity 4657K, committed 4736K, reserved 1048576K
}
Event: 4.082 GC heap before
{Heap before GC invocations=6 (full 0):
 garbage-first heap   total 524288K, used 147534K [0x0000000080000000, 0x0000000100000000)
  region size 1024K, 116 young (118784K), 7 survivors (7168K)
 Metaspace       used 43940K, capacity 45045K, committed 45232K, reserved 1089536K
  class space    used 5667K, capacity 6044K, committed 6144K, reserved 1048576K
}
Event: 4.092 GC heap after
{Heap after GC invocations=7 (full 0):
 garbage-first heap   total 524288K, used 46857K [0x0000000080000000, 0x0000000100000000)
  region size 1024K, 15 young (15360K), 15 survivors (15360K)
 Metaspace       used 43940K, capacity 45045K, committed 45232K, reserved 1089536K
  class space    used 5667K, capacity 6044K, committed 6144K, reserved 1048576K
}

