# JRE version: Java(TM) SE Runtime Environment 18.9 (11.0.8+10) (build 11.0.8+10-LTS)
# Java VM: Java HotSpot(TM) 64-Bit Server VM 18.9 (11.0.8+10-LTS, mixed mode, tiered, compressed oops, g1 gc, windows-amd64)
Heap:
 garbage-first heap   total 524288K, used 201493K [0x0000000080000000, 0x0000000100000000)
  region size 1024K, 99 young (101376K), 27 survivors (27648K)
 Metaspace       used 103481K, capacity 106933K, committed 107088K, reserved 1142784K
  class space    used 12907K, capacity 14061K, committed 14080K, reserved 1048576K
GC Heap History (10 events):
Event: 24.519 GC heap before
{Heap before GC invocations=11 (full 0):
 garbage-first heap   total 524288K, used 271930K [0x0000000080000000, 0x0000000100000000)
  region size 1024K, 218 young (223232K), 22 survivors (22528K)
 Metaspace       used 87687K, capacity 90045K, committed 90192K, reserved 1128448K
  class space    used 11267K, capacity 12020K, committed 12032K, reserved 1048576K
}
Event: 24.531 GC heap after
{Heap after GC invocations=12 (full 0):
 garbage-first heap   total 524288K, used 84713K [0x0000000080000000, 0x0000000100000000)
  region size 1024K, 23 young (23552K), 23 survivors (23552K)
 Metaspace       used 87687K, capacity 90045K, committed 90192K, reserved 1128448K
  class space    used 11267K, capacity 12020K, committed 12032K, reserved 1048576K
}
Event: 26.521 GC heap before
{Heap before GC invocations=12 (full 0):
 garbage-first heap   total 524288K, used 325353K [0x0000000080000000, 0x0000000100000000)
  region size 1024K, 258 young (264192K), 23 survivors (23552K)
 Metaspace       used 90800K, capacity 93664K, committed 93776K, reserved 1130496K
  class space    used 11740K, capacity 12688K, committed 12800K, reserved 1048576K
}
Event: 26.532 GC heap after
{Heap after GC invocations=13 (full 0):
 garbage-first heap   total 524288K, used 93134K [0x0000000080000000, 0x0000000100000000)
  region size 1024K, 20 young (20480K), 20 survivors (20480K)
 Metaspace       used 90800K, capacity 93664K, committed 93776K, reserved 1130496K
  class space    used 11740K, capacity 12688K, committed 12800K, reserved 1048576K
}
Event: 27.762 GC heap before
{Heap before GC invocations=13 (full 0):
 garbage-first heap   total 524288K, used 360398K [0x0000000080000000, 0x0000000100000000)
  region size 1024K, 282 young (288768K), 20 survivors (20480K)
 Metaspace       used 92088K, capacity 94958K, committed 95056K, reserved 1132544K
  class space    used 11814K, capacity 12757K, committed 12800K, reserved 1048576K
}
Event: 27.769 GC heap after
{Heap after GC invocations=14 (full 0):
 garbage-first heap   total 524288K, used 92942K [0x0000000080000000, 0x0000000100000000)
  region size 1024K, 9 young (9216K), 9 survivors (9216K)
 Metaspace       used 92088K, capacity 94958K, committed 95056K, reserved 1132544K
  class space    used 11814K, capacity 12757K, committed 12800K, reserved 1048576K
}
Event: 28.600 GC heap before
{Heap before GC invocations=14 (full 0):
 garbage-first heap   total 524288K, used 400142K [0x0000000080000000, 0x0000000100000000)
  region size 1024K, 307 young (314368K), 9 survivors (9216K)
 Metaspace       used 92922K, capacity 95743K, committed 95952K, reserved 1132544K
  class space    used 11882K, capacity 12824K, committed 12928K, reserved 1048576K
}
Event: 28.604 GC heap after
{Heap after GC invocations=15 (full 0):
 garbage-first heap   total 524288K, used 97420K [0x0000000080000000, 0x0000000100000000)
  region size 1024K, 11 young (11264K), 11 survivors (11264K)
 Metaspace       used 92922K, capacity 95743K, committed 95952K, reserved 1132544K
  class space    used 11882K, capacity 12824K, committed 12928K, reserved 1048576K
}
Event: 87.395 GC heap before
{Heap before GC invocations=15 (full 0):
 garbage-first heap   total 524288K, used 399500K [0x0000000080000000, 0x0000000100000000)
  region size 1024K, 307 young (314368K), 11 survivors (11264K)
 Metaspace       used 102993K, capacity 106347K, committed 106576K, reserved 1142784K
  class space    used 12876K, capacity 14046K, committed 14080K, reserved 1048576K
}
Event: 87.404 GC heap after
{Heap after GC invocations=16 (full 0):
 garbage-first heap   total 524288K, used 111381K [0x0000000080000000, 0x0000000100000000)
  region size 1024K, 27 young (27648K), 27 survivors (27648K)
 Metaspace       used 102993K, capacity 106347K, committed 106576K, reserved 1142784K
  class space    used 12876K, capacity 14046K, committed 14080K, reserved 1048576K
}

