# JRE version: Java(TM) SE Runtime Environment 18.9 (11.0.8+10) (build 11.0.8+10-LTS)
# Java VM: Java HotSpot(TM) 64-Bit Server VM 18.9 (11.0.8+10-LTS, mixed mode, tiered, compressed oops, g1 gc, windows-amd64)
Heap:
 garbage-first heap   total 524288K, used 43455K [0x0000000080000000, 0x0000000100000000)
  region size 1024K, 20 young (20480K), 7 survivors (7168K)
 Metaspace       used 36476K, capacity 37153K, committed 37296K, reserved 1081344K
  class space    used 4575K, capacity 4820K, committed 4864K, reserved 1048576K
GC Heap History (8 events):
Event: 0.446 GC heap before
{Heap before GC invocations=0 (full 0):
 garbage-first heap   total 524288K, used 31744K [0x0000000080000000, 0x0000000100000000)
  region size 1024K, 25 young (25600K), 0 survivors (0K)
 Metaspace       used 10749K, capacity 10943K, committed 11264K, reserved 1058816K
  class space    used 1135K, capacity 1201K, committed 1280K, reserved 1048576K
}
Event: 0.449 GC heap after
{Heap after GC invocations=1 (full 0):
 garbage-first heap   total 524288K, used 8638K [0x0000000080000000, 0x0000000100000000)
  region size 1024K, 4 young (4096K), 4 survivors (4096K)
 Metaspace       used 10749K, capacity 10943K, committed 11264K, reserved 1058816K
  class space    used 1135K, capacity 1201K, committed 1280K, reserved 1048576K
}
Event: 1.527 GC heap before
{Heap before GC invocations=1 (full 0):
 garbage-first heap   total 524288K, used 91582K [0x0000000080000000, 0x0000000100000000)
  region size 1024K, 87 young (89088K), 4 survivors (4096K)
 Metaspace       used 20785K, capacity 21213K, committed 21296K, reserved 1069056K
  class space    used 2506K, capacity 2669K, committed 2688K, reserved 1048576K
}
Event: 1.531 GC heap after
{Heap after GC invocations=2 (full 0):
 garbage-first heap   total 524288K, used 16176K [0x0000000080000000, 0x0000000100000000)
  region size 1024K, 12 young (12288K), 12 survivors (12288K)
 Metaspace       used 20785K, capacity 21213K, committed 21296K, reserved 1069056K
  class space    used 2506K, capacity 2669K, committed 2688K, reserved 1048576K
}
Event: 1.783 GC heap before
{Heap before GC invocations=3 (full 0):
 garbage-first heap   total 524288K, used 44848K [0x0000000080000000, 0x0000000100000000)
  region size 1024K, 41 young (41984K), 12 survivors (12288K)
 Metaspace       used 24938K, capacity 25492K, committed 25648K, reserved 1071104K
  class space    used 3160K, capacity 3355K, committed 3456K, reserved 1048576K
}
Event: 1.787 GC heap after
{Heap after GC invocations=4 (full 0):
 garbage-first heap   total 524288K, used 17853K [0x0000000080000000, 0x0000000100000000)
  region size 1024K, 2 young (2048K), 2 survivors (2048K)
 Metaspace       used 24938K, capacity 25492K, committed 25648K, reserved 1071104K
  class space    used 3160K, capacity 3355K, committed 3456K, reserved 1048576K
}
Event: 2.303 GC heap before
{Heap before GC invocations=4 (full 0):
 garbage-first heap   total 524288K, used 90557K [0x0000000080000000, 0x0000000100000000)
  region size 1024K, 63 young (64512K), 2 survivors (2048K)
 Metaspace       used 35090K, capacity 35765K, committed 35888K, reserved 1081344K
  class space    used 4393K, capacity 4657K, committed 4736K, reserved 1048576K
}
Event: 2.306 GC heap after
{Heap after GC invocations=5 (full 0):
 garbage-first heap   total 524288K, used 32191K [0x0000000080000000, 0x0000000100000000)
  region size 1024K, 7 young (7168K), 7 survivors (7168K)
 Metaspace       used 35090K, capacity 35765K, committed 35888K, reserved 1081344K
  class space    used 4393K, capacity 4657K, committed 4736K, reserved 1048576K
}

