# JRE version: Java(TM) SE Runtime Environment 18.9 (11.0.8+10) (build 11.0.8+10-LTS)
# Java VM: Java HotSpot(TM) 64-Bit Server VM 18.9 (11.0.8+10-LTS, mixed mode, tiered, compressed oops, g1 gc, windows-amd64)
Heap:
 garbage-first heap   total 524288K, used 268583K [0x0000000080000000, 0x0000000100000000)
  region size 1024K, 193 young (197632K), 15 survivors (15360K)
 Metaspace       used 90390K, capacity 93189K, committed 93392K, reserved 1130496K
  class space    used 11579K, capacity 12579K, committed 12672K, reserved 1048576K
GC Heap History (10 events):
Event: 4.021 GC heap before
{Heap before GC invocations=7 (full 0):
 garbage-first heap   total 524288K, used 176652K [0x0000000080000000, 0x0000000100000000)
  region size 1024K, 142 young (145408K), 14 survivors (14336K)
 Metaspace       used 58162K, capacity 59560K, committed 59824K, reserved 1101824K
  class space    used 7350K, capacity 7814K, committed 7936K, reserved 1048576K
}
Event: 4.030 GC heap after
{Heap after GC invocations=8 (full 0):
 garbage-first heap   total 524288K, used 55876K [0x0000000080000000, 0x0000000100000000)
  region size 1024K, 18 young (18432K), 18 survivors (18432K)
 Metaspace       used 58162K, capacity 59560K, committed 59824K, reserved 1101824K
  class space    used 7350K, capacity 7814K, committed 7936K, reserved 1048576K
}
Event: 4.057 GC heap before
{Heap before GC invocations=8 (full 0):
 garbage-first heap   total 524288K, used 58948K [0x0000000080000000, 0x0000000100000000)
  region size 1024K, 22 young (22528K), 18 survivors (18432K)
 Metaspace       used 58631K, capacity 60100K, committed 60240K, reserved 1101824K
  class space    used 7410K, capacity 7887K, committed 7936K, reserved 1048576K
}
Event: 4.062 GC heap after
{Heap after GC invocations=9 (full 0):
 garbage-first heap   total 524288K, used 56368K [0x0000000080000000, 0x0000000100000000)
  region size 1024K, 10 young (10240K), 10 survivors (10240K)
 Metaspace       used 58631K, capacity 60100K, committed 60240K, reserved 1101824K
  class space    used 7410K, capacity 7887K, committed 7936K, reserved 1048576K
}
Event: 5.200 GC heap before
{Heap before GC invocations=10 (full 0):
 garbage-first heap   total 524288K, used 232496K [0x0000000080000000, 0x0000000100000000)
  region size 1024K, 183 young (187392K), 10 survivors (10240K)
 Metaspace       used 71210K, capacity 73557K, committed 73808K, reserved 1114112K
  class space    used 9415K, capacity 10239K, committed 10240K, reserved 1048576K
}
Event: 5.210 GC heap after
{Heap after GC invocations=11 (full 0):
 garbage-first heap   total 524288K, used 69494K [0x0000000080000000, 0x0000000100000000)
  region size 1024K, 23 young (23552K), 23 survivors (23552K)
 Metaspace       used 71210K, capacity 73557K, committed 73808K, reserved 1114112K
  class space    used 9415K, capacity 10239K, committed 10240K, reserved 1048576K
}
Event: 6.610 GC heap before
{Heap before GC invocations=11 (full 0):
 garbage-first heap   total 524288K, used 309110K [0x0000000080000000, 0x0000000100000000)
  region size 1024K, 240 young (245760K), 23 survivors (23552K)
 Metaspace       used 75275K, capacity 77715K, committed 77904K, reserved 1116160K
  class space    used 9835K, capacity 10711K, committed 10752K, reserved 1048576K
}
Event: 6.622 GC heap after
{Heap after GC invocations=12 (full 0):
 garbage-first heap   total 524288K, used 75947K [0x0000000080000000, 0x0000000100000000)
  region size 1024K, 20 young (20480K), 20 survivors (20480K)
 Metaspace       used 75275K, capacity 77715K, committed 77904K, reserved 1116160K
  class space    used 9835K, capacity 10711K, committed 10752K, reserved 1048576K
}
Event: 8.666 GC heap before
{Heap before GC invocations=12 (full 0):
 garbage-first heap   total 524288K, used 350379K [0x0000000080000000, 0x0000000100000000)
  region size 1024K, 287 young (293888K), 20 survivors (20480K)
 Metaspace       used 81068K, capacity 83794K, committed 84048K, reserved 1122304K
  class space    used 10493K, capacity 11430K, committed 11520K, reserved 1048576K
}
Event: 8.675 GC heap after
{Heap after GC invocations=13 (full 0):
 garbage-first heap   total 524288K, used 86311K [0x0000000080000000, 0x0000000100000000)
  region size 1024K, 15 young (15360K), 15 survivors (15360K)
 Metaspace       used 81068K, capacity 83794K, committed 84048K, reserved 1122304K
  class space    used 10493K, capacity 11430K, committed 11520K, reserved 1048576K
}

