# JRE version: Java(TM) SE Runtime Environment 18.9 (11.0.8+10) (build 11.0.8+10-LTS)
# Java VM: Java HotSpot(TM) 64-Bit Server VM 18.9 (11.0.8+10-LTS, mixed mode, tiered, compressed oops, g1 gc, windows-amd64)
Heap:
 garbage-first heap   total 524288K, used 103391K [0x0000000080000000, 0x0000000100000000)
  region size 1024K, 21 young (21504K), 10 survivors (10240K)
 Metaspace       used 98264K, capacity 101211K, committed 101416K, reserved 1136640K
  class space    used 12658K, capacity 13695K, committed 13696K, reserved 1048576K
GC Heap History (10 events):
Event: 17.581 GC heap before
{Heap before GC invocations=11 (full 0):
 garbage-first heap   total 524288K, used 280490K [0x0000000080000000, 0x0000000100000000)
  region size 1024K, 223 young (228352K), 14 survivors (14336K)
 Metaspace       used 81036K, capacity 83445K, committed 83664K, reserved 1122304K
  class space    used 10503K, capacity 11326K, committed 11392K, reserved 1048576K
}
Event: 17.590 GC heap after
{Heap after GC invocations=12 (full 0):
 garbage-first heap   total 524288K, used 79681K [0x0000000080000000, 0x0000000100000000)
  region size 1024K, 27 young (27648K), 27 survivors (27648K)
 Metaspace       used 81036K, capacity 83445K, committed 83664K, reserved 1122304K
  class space    used 10503K, capacity 11326K, committed 11392K, reserved 1048576K
}
Event: 18.402 GC heap before
{Heap before GC invocations=12 (full 0):
 garbage-first heap   total 524288K, used 347969K [0x0000000080000000, 0x0000000100000000)
  region size 1024K, 289 young (295936K), 27 survivors (27648K)
 Metaspace       used 90138K, capacity 92891K, committed 93136K, reserved 1130496K
  class space    used 11831K, capacity 12806K, committed 12928K, reserved 1048576K
}
Event: 18.416 GC heap after
{Heap after GC invocations=13 (full 0):
 garbage-first heap   total 524288K, used 92175K [0x0000000080000000, 0x0000000100000000)
  region size 1024K, 27 young (27648K), 27 survivors (27648K)
 Metaspace       used 90138K, capacity 92891K, committed 93136K, reserved 1130496K
  class space    used 11831K, capacity 12806K, committed 12928K, reserved 1048576K
}
Event: 18.877 GC heap before
{Heap before GC invocations=13 (full 0):
 garbage-first heap   total 524288K, used 360463K [0x0000000080000000, 0x0000000100000000)
  region size 1024K, 288 young (294912K), 27 survivors (27648K)
 Metaspace       used 91255K, capacity 94152K, committed 94288K, reserved 1130496K
  class space    used 11942K, capacity 12956K, committed 13056K, reserved 1048576K
}
Event: 18.887 GC heap after
{Heap after GC invocations=14 (full 0):
 garbage-first heap   total 524288K, used 98174K [0x0000000080000000, 0x0000000100000000)
  region size 1024K, 18 young (18432K), 18 survivors (18432K)
 Metaspace       used 91255K, capacity 94152K, committed 94288K, reserved 1130496K
  class space    used 11942K, capacity 12956K, committed 13056K, reserved 1048576K
}
Event: 20.377 GC heap before
{Heap before GC invocations=14 (full 0):
 garbage-first heap   total 524288K, used 395134K [0x0000000080000000, 0x0000000100000000)
  region size 1024K, 291 young (297984K), 18 survivors (18432K)
 Metaspace       used 93408K, capacity 96310K, committed 96464K, reserved 1132544K
  class space    used 12045K, capacity 13089K, committed 13184K, reserved 1048576K
}
Event: 20.387 GC heap after
{Heap after GC invocations=15 (full 0):
 garbage-first heap   total 524288K, used 111878K [0x0000000080000000, 0x0000000100000000)
  region size 1024K, 32 young (32768K), 32 survivors (32768K)
 Metaspace       used 93408K, capacity 96310K, committed 96464K, reserved 1132544K
  class space    used 12045K, capacity 13089K, committed 13184K, reserved 1048576K
}
Event: 21.206 GC heap before
{Heap before GC invocations=15 (full 0):
 garbage-first heap   total 524288K, used 233734K [0x0000000080000000, 0x0000000100000000)
  region size 1024K, 153 young (156672K), 32 survivors (32768K)
 Metaspace       used 97757K, capacity 100720K, committed 100816K, reserved 1136640K
  class space    used 12590K, capacity 13617K, committed 13696K, reserved 1048576K
}
Event: 21.212 GC heap after
{Heap after GC invocations=16 (full 0):
 garbage-first heap   total 524288K, used 94175K [0x0000000080000000, 0x0000000100000000)
  region size 1024K, 10 young (10240K), 10 survivors (10240K)
 Metaspace       used 97757K, capacity 100720K, committed 100816K, reserved 1136640K
  class space    used 12590K, capacity 13617K, committed 13696K, reserved 1048576K
}

